<?xml version="1.0" encoding="UTF-8"?>
<!-- Generated by org.testng.reporters.JUnitXMLReporter -->
<testsuite hostname="SW0198" ignored="0" name="Command line test" tests="9" failures="1" timestamp="26 Jul 2018 14:27:48 GMT" time="218.222" errors="0">
  <testcase name="createAddAdminTest" time="45.394" classname="com.phpdemo.qa.testcases.AddAdminTest"/>
  <testcase name="validateAddAdminPageTitleTest" time="0.035" classname="com.phpdemo.qa.testcases.AddAdminTest"/>
  <testcase name="getAllAcctsSubMenusTest" time="1.321" classname="com.phpdemo.qa.testcases.HomePageTest"/>
  <testcase name="RememberMeChkTest" time="0.122" classname="com.phpdemo.qa.testcases.LoginPageTest"/>
  <testcase name="validateProfileBtnTest" time="0.156" classname="com.phpdemo.qa.testcases.HomePageTest"/>
  <testcase name="LoginPagePanelTest" time="0.108" classname="com.phpdemo.qa.testcases.LoginPageTest">
    <failure type="java.lang.AssertionError" message="expected [LOGIN PANEL] but found []">
      <![CDATA[java.lang.AssertionError: expected [LOGIN PANEL] but found []
	at com.phpdemo.qa.testcases.LoginPageTest.LoginPagePanelTest(LoginPageTest.java:35)
... Removed 41 stack frames]]>
    </failure>
  </testcase> <!-- LoginPagePanelTest -->
  <testcase name="validateTitlepageTest" time="2.098" classname="com.phpdemo.qa.testcases.HomePageTest"/>
  <testcase name="LoginTest" time="0.553" classname="com.phpdemo.qa.testcases.LoginPageTest"/>
  <testcase name="LoginPageFrgtPwdTest" time="0.108" classname="com.phpdemo.qa.testcases.LoginPageTest"/>
</testsuite> <!-- Command line test -->
