<?xml version="1.0" encoding="UTF-8"?>
<testng-results skipped="0" failed="1" ignored="0" total="9" passed="8">
  <reporter-output>
  </reporter-output>
  <suite name="Command line suite" duration-ms="218222" started-at="2018-07-26T14:24:10Z" finished-at="2018-07-26T14:27:48Z">
    <groups>
    </groups>
    <test name="Command line test" duration-ms="218222" started-at="2018-07-26T14:24:10Z" finished-at="2018-07-26T14:27:48Z">
      <class name="com.phpdemo.qa.testcases.HomePageTest">
        <test-method status="PASS" signature="Setup()[pri:0, instance:com.phpdemo.qa.testcases.HomePageTest@783e6358]" name="Setup" is-config="true" duration-ms="14270" started-at="2018-07-26T15:26:03Z" finished-at="2018-07-26T15:26:17Z">
          <reporter-output>
          </reporter-output>
        </test-method> <!-- Setup -->
        <test-method status="PASS" signature="getAllAcctsSubMenusTest()[pri:1, instance:com.phpdemo.qa.testcases.HomePageTest@783e6358]" name="getAllAcctsSubMenusTest" duration-ms="1321" started-at="2018-07-26T15:26:17Z" finished-at="2018-07-26T15:26:19Z">
          <reporter-output>
          </reporter-output>
        </test-method> <!-- getAllAcctsSubMenusTest -->
        <test-method status="PASS" signature="teardown()[pri:0, instance:com.phpdemo.qa.testcases.HomePageTest@783e6358]" name="teardown" is-config="true" duration-ms="2820" started-at="2018-07-26T15:26:19Z" finished-at="2018-07-26T15:26:22Z">
          <reporter-output>
          </reporter-output>
        </test-method> <!-- teardown -->
        <test-method status="PASS" signature="Setup()[pri:0, instance:com.phpdemo.qa.testcases.HomePageTest@783e6358]" name="Setup" is-config="true" duration-ms="12857" started-at="2018-07-26T15:26:36Z" finished-at="2018-07-26T15:26:48Z">
          <reporter-output>
          </reporter-output>
        </test-method> <!-- Setup -->
        <test-method status="PASS" signature="validateProfileBtnTest()[pri:2, instance:com.phpdemo.qa.testcases.HomePageTest@783e6358]" name="validateProfileBtnTest" duration-ms="156" started-at="2018-07-26T15:26:48Z" finished-at="2018-07-26T15:26:49Z">
          <reporter-output>
          </reporter-output>
        </test-method> <!-- validateProfileBtnTest -->
        <test-method status="PASS" signature="teardown()[pri:0, instance:com.phpdemo.qa.testcases.HomePageTest@783e6358]" name="teardown" is-config="true" duration-ms="2271" started-at="2018-07-26T15:26:49Z" finished-at="2018-07-26T15:26:51Z">
          <reporter-output>
          </reporter-output>
        </test-method> <!-- teardown -->
        <test-method status="PASS" signature="Setup()[pri:0, instance:com.phpdemo.qa.testcases.HomePageTest@783e6358]" name="Setup" is-config="true" duration-ms="12925" started-at="2018-07-26T15:27:04Z" finished-at="2018-07-26T15:27:17Z">
          <reporter-output>
          </reporter-output>
        </test-method> <!-- Setup -->
        <test-method status="PASS" signature="validateTitlepageTest()[pri:3, instance:com.phpdemo.qa.testcases.HomePageTest@783e6358]" name="validateTitlepageTest" duration-ms="2098" started-at="2018-07-26T15:27:17Z" finished-at="2018-07-26T15:27:19Z">
          <reporter-output>
          </reporter-output>
        </test-method> <!-- validateTitlepageTest -->
        <test-method status="PASS" signature="teardown()[pri:0, instance:com.phpdemo.qa.testcases.HomePageTest@783e6358]" name="teardown" is-config="true" duration-ms="2018" started-at="2018-07-26T15:27:19Z" finished-at="2018-07-26T15:27:21Z">
          <reporter-output>
          </reporter-output>
        </test-method> <!-- teardown -->
      </class> <!-- com.phpdemo.qa.testcases.HomePageTest -->
      <class name="com.phpdemo.qa.testcases.LoginPageTest">
        <test-method status="PASS" signature="Setup()[pri:0, instance:com.phpdemo.qa.testcases.LoginPageTest@17550481]" name="Setup" is-config="true" duration-ms="11901" started-at="2018-07-26T15:26:22Z" finished-at="2018-07-26T15:26:33Z">
          <reporter-output>
          </reporter-output>
        </test-method> <!-- Setup -->
        <test-method status="PASS" signature="RememberMeChkTest()[pri:1, instance:com.phpdemo.qa.testcases.LoginPageTest@17550481]" name="RememberMeChkTest" duration-ms="122" started-at="2018-07-26T15:26:33Z" finished-at="2018-07-26T15:26:34Z">
          <reporter-output>
          </reporter-output>
        </test-method> <!-- RememberMeChkTest -->
        <test-method status="PASS" signature="tearDown()[pri:0, instance:com.phpdemo.qa.testcases.LoginPageTest@17550481]" name="tearDown" is-config="true" duration-ms="1954" started-at="2018-07-26T15:26:34Z" finished-at="2018-07-26T15:26:36Z">
          <reporter-output>
          </reporter-output>
        </test-method> <!-- tearDown -->
        <test-method status="PASS" signature="Setup()[pri:0, instance:com.phpdemo.qa.testcases.LoginPageTest@17550481]" name="Setup" is-config="true" duration-ms="10520" started-at="2018-07-26T15:26:51Z" finished-at="2018-07-26T15:27:01Z">
          <reporter-output>
          </reporter-output>
        </test-method> <!-- Setup -->
        <test-method status="FAIL" signature="LoginPagePanelTest()[pri:2, instance:com.phpdemo.qa.testcases.LoginPageTest@17550481]" name="LoginPagePanelTest" duration-ms="108" started-at="2018-07-26T15:27:01Z" finished-at="2018-07-26T15:27:01Z">
          <exception class="java.lang.AssertionError">
            <message>
              <![CDATA[expected [LOGIN PANEL] but found []]]>
            </message>
            <full-stacktrace>
              <![CDATA[java.lang.AssertionError: expected [LOGIN PANEL] but found []
	at org.testng.Assert.fail(Assert.java:94)
	at org.testng.Assert.failNotEquals(Assert.java:513)
	at org.testng.Assert.assertEqualsImpl(Assert.java:135)
	at org.testng.Assert.assertEquals(Assert.java:116)
	at org.testng.Assert.assertEquals(Assert.java:190)
	at org.testng.Assert.assertEquals(Assert.java:200)
	at com.phpdemo.qa.testcases.LoginPageTest.LoginPagePanelTest(LoginPageTest.java:35)
	at sun.reflect.NativeMethodAccessorImpl.invoke0(Native Method)
	at sun.reflect.NativeMethodAccessorImpl.invoke(NativeMethodAccessorImpl.java:62)
	at sun.reflect.DelegatingMethodAccessorImpl.invoke(DelegatingMethodAccessorImpl.java:43)
	at java.lang.reflect.Method.invoke(Method.java:498)
	at org.testng.internal.MethodInvocationHelper.invokeMethod(MethodInvocationHelper.java:104)
	at org.testng.internal.Invoker.invokeMethod(Invoker.java:645)
	at org.testng.internal.Invoker.invokeTestMethod(Invoker.java:851)
	at org.testng.internal.Invoker.invokeTestMethods(Invoker.java:1177)
	at org.testng.internal.TestMethodWorker.invokeTestMethods(TestMethodWorker.java:129)
	at org.testng.internal.TestMethodWorker.run(TestMethodWorker.java:112)
	at org.testng.TestRunner.privateRun(TestRunner.java:756)
	at org.testng.TestRunner.run(TestRunner.java:610)
	at org.testng.SuiteRunner.runTest(SuiteRunner.java:387)
	at org.testng.SuiteRunner.runSequentially(SuiteRunner.java:382)
	at org.testng.SuiteRunner.privateRun(SuiteRunner.java:340)
	at org.testng.SuiteRunner.run(SuiteRunner.java:289)
	at org.testng.SuiteRunnerWorker.runSuite(SuiteRunnerWorker.java:52)
	at org.testng.SuiteRunnerWorker.run(SuiteRunnerWorker.java:86)
	at org.testng.TestNG.runSuitesSequentially(TestNG.java:1293)
	at org.testng.TestNG.runSuitesLocally(TestNG.java:1218)
	at org.testng.TestNG.runSuites(TestNG.java:1133)
	at org.testng.TestNG.run(TestNG.java:1104)
	at org.apache.maven.surefire.testng.TestNGExecutor.run(TestNGExecutor.java:77)
	at org.apache.maven.surefire.testng.TestNGDirectoryTestSuite.executeMulti(TestNGDirectoryTestSuite.java:159)
	at org.apache.maven.surefire.testng.TestNGDirectoryTestSuite.execute(TestNGDirectoryTestSuite.java:99)
	at org.apache.maven.surefire.testng.TestNGProvider.invoke(TestNGProvider.java:106)
	at sun.reflect.NativeMethodAccessorImpl.invoke0(Native Method)
	at sun.reflect.NativeMethodAccessorImpl.invoke(NativeMethodAccessorImpl.java:62)
	at sun.reflect.DelegatingMethodAccessorImpl.invoke(DelegatingMethodAccessorImpl.java:43)
	at java.lang.reflect.Method.invoke(Method.java:498)
	at org.apache.maven.surefire.util.ReflectionUtils.invokeMethodWithArray(ReflectionUtils.java:189)
	at org.apache.maven.surefire.booter.ProviderFactory$ProviderProxy.invoke(ProviderFactory.java:165)
	at org.apache.maven.surefire.booter.ProviderFactory.invokeProvider(ProviderFactory.java:85)
	at org.apache.maven.surefire.booter.ForkedBooter.runSuitesInProcess(ForkedBooter.java:115)
	at org.apache.maven.surefire.booter.ForkedBooter.main(ForkedBooter.java:75)
]]>
            </full-stacktrace>
          </exception> <!-- java.lang.AssertionError -->
          <reporter-output>
          </reporter-output>
        </test-method> <!-- LoginPagePanelTest -->
        <test-method status="PASS" signature="tearDown()[pri:0, instance:com.phpdemo.qa.testcases.LoginPageTest@17550481]" name="tearDown" is-config="true" duration-ms="2045" started-at="2018-07-26T15:27:02Z" finished-at="2018-07-26T15:27:04Z">
          <reporter-output>
          </reporter-output>
        </test-method> <!-- tearDown -->
        <test-method status="PASS" signature="Setup()[pri:0, instance:com.phpdemo.qa.testcases.LoginPageTest@17550481]" name="Setup" is-config="true" duration-ms="11476" started-at="2018-07-26T15:27:21Z" finished-at="2018-07-26T15:27:32Z">
          <reporter-output>
          </reporter-output>
        </test-method> <!-- Setup -->
        <test-method status="PASS" signature="LoginTest()[pri:3, instance:com.phpdemo.qa.testcases.LoginPageTest@17550481]" name="LoginTest" duration-ms="553" started-at="2018-07-26T15:27:32Z" finished-at="2018-07-26T15:27:33Z">
          <reporter-output>
          </reporter-output>
        </test-method> <!-- LoginTest -->
        <test-method status="PASS" signature="tearDown()[pri:0, instance:com.phpdemo.qa.testcases.LoginPageTest@17550481]" name="tearDown" is-config="true" duration-ms="2052" started-at="2018-07-26T15:27:33Z" finished-at="2018-07-26T15:27:35Z">
          <reporter-output>
          </reporter-output>
        </test-method> <!-- tearDown -->
        <test-method status="PASS" signature="Setup()[pri:0, instance:com.phpdemo.qa.testcases.LoginPageTest@17550481]" name="Setup" is-config="true" duration-ms="11534" started-at="2018-07-26T15:27:35Z" finished-at="2018-07-26T15:27:46Z">
          <reporter-output>
          </reporter-output>
        </test-method> <!-- Setup -->
        <test-method status="PASS" signature="LoginPageFrgtPwdTest()[pri:4, instance:com.phpdemo.qa.testcases.LoginPageTest@17550481]" name="LoginPageFrgtPwdTest" duration-ms="108" started-at="2018-07-26T15:27:46Z" finished-at="2018-07-26T15:27:46Z">
          <reporter-output>
          </reporter-output>
        </test-method> <!-- LoginPageFrgtPwdTest -->
        <test-method status="PASS" signature="tearDown()[pri:0, instance:com.phpdemo.qa.testcases.LoginPageTest@17550481]" name="tearDown" is-config="true" duration-ms="1891" started-at="2018-07-26T15:27:46Z" finished-at="2018-07-26T15:27:48Z">
          <reporter-output>
          </reporter-output>
        </test-method> <!-- tearDown -->
      </class> <!-- com.phpdemo.qa.testcases.LoginPageTest -->
      <class name="com.phpdemo.qa.testcases.AddAdminTest">
        <test-method status="PASS" signature="setup()[pri:0, instance:com.phpdemo.qa.testcases.AddAdminTest@4e04a765]" name="setup" is-config="true" duration-ms="41203" started-at="2018-07-26T15:24:10Z" finished-at="2018-07-26T15:24:51Z">
          <reporter-output>
          </reporter-output>
        </test-method> <!-- setup -->
        <test-method status="PASS" signature="createAddAdminTest()[pri:0, instance:com.phpdemo.qa.testcases.AddAdminTest@4e04a765]" name="createAddAdminTest" duration-ms="45394" started-at="2018-07-26T15:24:51Z" finished-at="2018-07-26T15:25:37Z">
          <reporter-output>
          </reporter-output>
        </test-method> <!-- createAddAdminTest -->
        <test-method status="PASS" signature="teardown()[pri:0, instance:com.phpdemo.qa.testcases.AddAdminTest@4e04a765]" name="teardown" is-config="true" duration-ms="4516" started-at="2018-07-26T15:25:37Z" finished-at="2018-07-26T15:25:41Z">
          <reporter-output>
          </reporter-output>
        </test-method> <!-- teardown -->
        <test-method status="PASS" signature="setup()[pri:0, instance:com.phpdemo.qa.testcases.AddAdminTest@4e04a765]" name="setup" is-config="true" duration-ms="19818" started-at="2018-07-26T15:25:41Z" finished-at="2018-07-26T15:26:01Z">
          <reporter-output>
          </reporter-output>
        </test-method> <!-- setup -->
        <test-method status="PASS" signature="validateAddAdminPageTitleTest()[pri:0, instance:com.phpdemo.qa.testcases.AddAdminTest@4e04a765]" name="validateAddAdminPageTitleTest" duration-ms="35" started-at="2018-07-26T15:26:01Z" finished-at="2018-07-26T15:26:01Z">
          <reporter-output>
          </reporter-output>
        </test-method> <!-- validateAddAdminPageTitleTest -->
        <test-method status="PASS" signature="teardown()[pri:0, instance:com.phpdemo.qa.testcases.AddAdminTest@4e04a765]" name="teardown" is-config="true" duration-ms="2095" started-at="2018-07-26T15:26:01Z" finished-at="2018-07-26T15:26:03Z">
          <reporter-output>
          </reporter-output>
        </test-method> <!-- teardown -->
      </class> <!-- com.phpdemo.qa.testcases.AddAdminTest -->
    </test> <!-- Command line test -->
  </suite> <!-- Command line suite -->
</testng-results>
