<?xml version="1.0" encoding="UTF-8"?>
<testng-results skipped="0" failed="1" ignored="0" total="4" passed="3">
  <reporter-output>
  </reporter-output>
  <suite name="Default suite" duration-ms="62100" started-at="2018-07-25T13:26:17Z" finished-at="2018-07-25T13:27:19Z">
    <groups>
    </groups>
    <test name="Default test" duration-ms="62100" started-at="2018-07-25T13:26:17Z" finished-at="2018-07-25T13:27:19Z">
      <class name="com.phpdemo.qa.testcases.LoginPageTest">
        <test-method status="PASS" signature="Setup()[pri:0, instance:com.phpdemo.qa.testcases.LoginPageTest@73ad2d6]" name="Setup" is-config="true" duration-ms="23300" started-at="2018-07-25T13:26:17Z" finished-at="2018-07-25T13:26:40Z">
          <reporter-output>
          </reporter-output>
        </test-method> <!-- Setup -->
        <test-method status="PASS" signature="RememberMeChkTest()[pri:1, instance:com.phpdemo.qa.testcases.LoginPageTest@73ad2d6]" name="RememberMeChkTest" duration-ms="193" started-at="2018-07-25T13:26:40Z" finished-at="2018-07-25T13:26:40Z">
          <reporter-output>
          </reporter-output>
        </test-method> <!-- RememberMeChkTest -->
        <test-method status="PASS" signature="tearDown()[pri:0, instance:com.phpdemo.qa.testcases.LoginPageTest@73ad2d6]" name="tearDown" is-config="true" duration-ms="2240" started-at="2018-07-25T13:26:40Z" finished-at="2018-07-25T13:26:43Z">
          <reporter-output>
          </reporter-output>
        </test-method> <!-- tearDown -->
        <test-method status="PASS" signature="Setup()[pri:0, instance:com.phpdemo.qa.testcases.LoginPageTest@73ad2d6]" name="Setup" is-config="true" duration-ms="9882" started-at="2018-07-25T13:26:43Z" finished-at="2018-07-25T13:26:53Z">
          <reporter-output>
          </reporter-output>
        </test-method> <!-- Setup -->
        <test-method status="FAIL" signature="LoginPagePanelTest()[pri:2, instance:com.phpdemo.qa.testcases.LoginPageTest@73ad2d6]" name="LoginPagePanelTest" duration-ms="90" started-at="2018-07-25T13:26:53Z" finished-at="2018-07-25T13:26:53Z">
          <exception class="java.lang.AssertionError">
            <message>
              <![CDATA[expected [LOGIN PANEL] but found []]]>
            </message>
            <full-stacktrace>
              <![CDATA[java.lang.AssertionError: expected [LOGIN PANEL] but found []
at org.testng.Assert.fail(Assert.java:96)
at org.testng.Assert.failNotEquals(Assert.java:776)
at org.testng.Assert.assertEqualsImpl(Assert.java:137)
at org.testng.Assert.assertEquals(Assert.java:118)
at org.testng.Assert.assertEquals(Assert.java:453)
at org.testng.Assert.assertEquals(Assert.java:463)
at com.phpdemo.qa.testcases.LoginPageTest.LoginPagePanelTest(LoginPageTest.java:35)
at sun.reflect.NativeMethodAccessorImpl.invoke0(Native Method)
at sun.reflect.NativeMethodAccessorImpl.invoke(Unknown Source)
at sun.reflect.DelegatingMethodAccessorImpl.invoke(Unknown Source)
at java.lang.reflect.Method.invoke(Unknown Source)
at org.testng.internal.MethodInvocationHelper.invokeMethod(MethodInvocationHelper.java:124)
at org.testng.internal.Invoker.invokeMethod(Invoker.java:580)
at org.testng.internal.Invoker.invokeTestMethod(Invoker.java:716)
at org.testng.internal.Invoker.invokeTestMethods(Invoker.java:988)
at org.testng.internal.TestMethodWorker.invokeTestMethods(TestMethodWorker.java:125)
at org.testng.internal.TestMethodWorker.run(TestMethodWorker.java:109)
at org.testng.TestRunner.privateRun(TestRunner.java:648)
at org.testng.TestRunner.run(TestRunner.java:505)
at org.testng.SuiteRunner.runTest(SuiteRunner.java:455)
at org.testng.SuiteRunner.runSequentially(SuiteRunner.java:450)
at org.testng.SuiteRunner.privateRun(SuiteRunner.java:415)
at org.testng.SuiteRunner.run(SuiteRunner.java:364)
at org.testng.SuiteRunnerWorker.runSuite(SuiteRunnerWorker.java:52)
at org.testng.SuiteRunnerWorker.run(SuiteRunnerWorker.java:84)
at org.testng.TestNG.runSuitesSequentially(TestNG.java:1208)
at org.testng.TestNG.runSuitesLocally(TestNG.java:1137)
at org.testng.TestNG.runSuites(TestNG.java:1049)
at org.testng.TestNG.run(TestNG.java:1017)
at org.testng.remote.AbstractRemoteTestNG.run(AbstractRemoteTestNG.java:114)
at org.testng.remote.RemoteTestNG.initAndRun(RemoteTestNG.java:251)
at org.testng.remote.RemoteTestNG.main(RemoteTestNG.java:77)
]]>
            </full-stacktrace>
          </exception> <!-- java.lang.AssertionError -->
          <reporter-output>
          </reporter-output>
        </test-method> <!-- LoginPagePanelTest -->
        <test-method status="PASS" signature="tearDown()[pri:0, instance:com.phpdemo.qa.testcases.LoginPageTest@73ad2d6]" name="tearDown" is-config="true" duration-ms="1757" started-at="2018-07-25T13:26:53Z" finished-at="2018-07-25T13:26:54Z">
          <reporter-output>
          </reporter-output>
        </test-method> <!-- tearDown -->
        <test-method status="PASS" signature="Setup()[pri:0, instance:com.phpdemo.qa.testcases.LoginPageTest@73ad2d6]" name="Setup" is-config="true" duration-ms="9653" started-at="2018-07-25T13:26:54Z" finished-at="2018-07-25T13:27:04Z">
          <reporter-output>
          </reporter-output>
        </test-method> <!-- Setup -->
        <test-method status="PASS" signature="LoginTest()[pri:3, instance:com.phpdemo.qa.testcases.LoginPageTest@73ad2d6]" name="LoginTest" duration-ms="643" started-at="2018-07-25T13:27:04Z" finished-at="2018-07-25T13:27:05Z">
          <reporter-output>
          </reporter-output>
        </test-method> <!-- LoginTest -->
        <test-method status="PASS" signature="tearDown()[pri:0, instance:com.phpdemo.qa.testcases.LoginPageTest@73ad2d6]" name="tearDown" is-config="true" duration-ms="2152" started-at="2018-07-25T13:27:05Z" finished-at="2018-07-25T13:27:07Z">
          <reporter-output>
          </reporter-output>
        </test-method> <!-- tearDown -->
        <test-method status="PASS" signature="Setup()[pri:0, instance:com.phpdemo.qa.testcases.LoginPageTest@73ad2d6]" name="Setup" is-config="true" duration-ms="10356" started-at="2018-07-25T13:27:07Z" finished-at="2018-07-25T13:27:17Z">
          <reporter-output>
          </reporter-output>
        </test-method> <!-- Setup -->
        <test-method status="PASS" signature="LoginPageFrgtPwdTest()[pri:4, instance:com.phpdemo.qa.testcases.LoginPageTest@73ad2d6]" name="LoginPageFrgtPwdTest" duration-ms="67" started-at="2018-07-25T13:27:17Z" finished-at="2018-07-25T13:27:17Z">
          <reporter-output>
          </reporter-output>
        </test-method> <!-- LoginPageFrgtPwdTest -->
        <test-method status="PASS" signature="tearDown()[pri:0, instance:com.phpdemo.qa.testcases.LoginPageTest@73ad2d6]" name="tearDown" is-config="true" duration-ms="1694" started-at="2018-07-25T13:27:17Z" finished-at="2018-07-25T13:27:19Z">
          <reporter-output>
          </reporter-output>
        </test-method> <!-- tearDown -->
      </class> <!-- com.phpdemo.qa.testcases.LoginPageTest -->
    </test> <!-- Default test -->
  </suite> <!-- Default suite -->
</testng-results>
